<?xml version="1.0" encoding="UTF-8" ?>
<testsuite tests="20" failures="0" name="com.basic.datadrivenForGetSD.RunnerGETRequestTest" time="0.02" errors="0" skipped="0">
  <properties>
    <property name="java.runtime.name" value="Java(TM) SE Runtime Environment"/>
    <property name="sun.boot.library.path" value="C:\Program Files\Java\jre1.8.0_92\bin"/>
    <property name="java.vm.version" value="25.92-b14"/>
    <property name="java.vm.vendor" value="Oracle Corporation"/>
    <property name="maven.multiModuleProjectDirectory" value="D:\RadicalTraining\Radical\B22FinalRestCucumberProject"/>
    <property name="java.vendor.url" value="http://java.oracle.com/"/>
    <property name="path.separator" value=";"/>
    <property name="guice.disable.misplaced.annotation.check" value="true"/>
    <property name="java.vm.name" value="Java HotSpot(TM) 64-Bit Server VM"/>
    <property name="file.encoding.pkg" value="sun.io"/>
    <property name="user.script" value=""/>
    <property name="user.country" value="IN"/>
    <property name="sun.java.launcher" value="SUN_STANDARD"/>
    <property name="sun.os.patch.level" value=""/>
    <property name="java.vm.specification.name" value="Java Virtual Machine Specification"/>
    <property name="user.dir" value="D:\RadicalTraining\Radical\B22FinalRestCucumberProject"/>
    <property name="java.runtime.version" value="1.8.0_92-b14"/>
    <property name="java.awt.graphicsenv" value="sun.awt.Win32GraphicsEnvironment"/>
    <property name="java.endorsed.dirs" value="C:\Program Files\Java\jre1.8.0_92\lib\endorsed"/>
    <property name="os.arch" value="amd64"/>
    <property name="java.io.tmpdir" value="C:\Users\LENOVO\AppData\Local\Temp\"/>
    <property name="line.separator" value="
"/>
    <property name="java.vm.specification.vendor" value="Oracle Corporation"/>
    <property name="user.variant" value=""/>
    <property name="os.name" value="Windows 10"/>
    <property name="classworlds.conf" value="D:\RadicalTraining\Radical\.metadata\.plugins\org.eclipse.m2e.launching\launches\m2conf3582329407729248093.tmp"/>
    <property name="sun.jnu.encoding" value="Cp1252"/>
    <property name="java.library.path" value="C:\Program Files\Java\jre1.8.0_92\bin;C:\WINDOWS\Sun\Java\bin;C:\WINDOWS\system32;C:\WINDOWS;C:/Program Files/Java/jre1.8.0_92/bin/server;C:/Program Files/Java/jre1.8.0_92/bin;C:/Program Files/Java/jre1.8.0_92/lib/amd64;C:\ProgramData\Oracle\Java\javapath;C:\oraclexe\app\oracle\product\10.2.0\server\bin;C:\Program Files (x86)\Intel\iCLS Client\;C:\Program Files\Intel\iCLS Client\;C:\WINDOWS\system32;C:\WINDOWS;C:\WINDOWS\System32\Wbem;C:\WINDOWS\System32\WindowsPowerShell\v1.0\;C:\WINDOWS\System32\OpenSSH\;C:\Program Files (x86)\Intel\Intel(R) Management Engine Components\DAL;C:\Program Files\Intel\Intel(R) Management Engine Components\DAL;C:\Program Files (x86)\Intel\Intel(R) Management Engine Components\IPT;C:\Program Files\Intel\Intel(R) Management Engine Components\IPT;C:\Program Files\Java\jdk1.8.0_92\bin;C:\Program Files (x86)\MySQL\MySQL Utilities 1.3.6\;C:\Program Files\MySQL\MySQL Shell 8.0\bin\;C:\Users\LENOVO\AppData\Local\Microsoft\WindowsApps;C:\Program Files\Java\jdk1.8.0_231\bin;C:\apache-tomcat-9.0.36\bin;;D:\RadicalTraining\Softwares\Eclips\eclipse-jee-neon-3-win32-x86_64\eclipse;;."/>
    <property name="java.specification.name" value="Java Platform API Specification"/>
    <property name="java.class.version" value="52.0"/>
    <property name="sun.management.compiler" value="HotSpot 64-Bit Tiered Compilers"/>
    <property name="os.version" value="10.0"/>
    <property name="user.home" value="C:\Users\LENOVO"/>
    <property name="user.timezone" value="Asia/Calcutta"/>
    <property name="java.awt.printerjob" value="sun.awt.windows.WPrinterJob"/>
    <property name="java.specification.version" value="1.8"/>
    <property name="file.encoding" value="Cp1252"/>
    <property name="user.name" value="LENOVO"/>
    <property name="java.class.path" value="/D:/RadicalTraining/Softwares/Eclips/eclipse-jee-neon-3-win32-x86_64/eclipse/plugins/org.eclipse.m2e.maven.runtime_1.7.0.20160603-1931/jars/plexus-classworlds-2.5.2.jar"/>
    <property name="java.vm.specification.version" value="1.8"/>
    <property name="sun.arch.data.model" value="64"/>
    <property name="java.home" value="C:\Program Files\Java\jre1.8.0_92"/>
    <property name="sun.java.command" value="org.codehaus.plexus.classworlds.launcher.Launcher -B test"/>
    <property name="java.specification.vendor" value="Oracle Corporation"/>
    <property name="user.language" value="en"/>
    <property name="awt.toolkit" value="sun.awt.windows.WToolkit"/>
    <property name="java.vm.info" value="mixed mode"/>
    <property name="java.version" value="1.8.0_92"/>
    <property name="java.ext.dirs" value="C:\Program Files\Java\jre1.8.0_92\lib\ext;C:\WINDOWS\Sun\Java\lib\ext"/>
    <property name="sun.boot.class.path" value="C:\Program Files\Java\jre1.8.0_92\lib\resources.jar;C:\Program Files\Java\jre1.8.0_92\lib\rt.jar;C:\Program Files\Java\jre1.8.0_92\lib\sunrsasign.jar;C:\Program Files\Java\jre1.8.0_92\lib\jsse.jar;C:\Program Files\Java\jre1.8.0_92\lib\jce.jar;C:\Program Files\Java\jre1.8.0_92\lib\charsets.jar;C:\Program Files\Java\jre1.8.0_92\lib\jfr.jar;C:\Program Files\Java\jre1.8.0_92\classes"/>
    <property name="java.vendor" value="Oracle Corporation"/>
    <property name="maven.home" value="D:\RadicalTraining\Radical\B22FinalRestCucumberProject\EMBEDDED"/>
    <property name="file.separator" value="\"/>
    <property name="java.vendor.url.bug" value="http://bugreport.sun.com/bugreport/"/>
    <property name="sun.cpu.endian" value="little"/>
    <property name="sun.io.unicode.encoding" value="UnicodeLittle"/>
    <property name="sun.desktop" value="windows"/>
    <property name="sun.cpu.isalist" value="amd64"/>
  </properties>
  <testcase classname="| MRData.limit | 30 |" name="Given user start the rest asured test" time="0"/>
  <testcase classname="| MRData.limit | 30 |" name="When user hit the get request" time="0"/>
  <testcase classname="| MRData.limit | 30 |" name="Then user checks data at path &quot;MRData.limit&quot; having value &quot;30&quot; in jason" time="0"/>
  <testcase classname="| MRData.limit | 30 |" name="When user hit the get request" time="0"/>
  <testcase classname="| MRData.limit | 30 |" name="| MRData.limit | 30 |" time="0.008"/>
  <testcase classname="| MRData.CircuitTable.Circuits[0].circuitId | albert_park |" name="Given user start the rest asured test" time="0"/>
  <testcase classname="| MRData.CircuitTable.Circuits[0].circuitId | albert_park |" name="When user hit the get request" time="0.008"/>
  <testcase classname="| MRData.CircuitTable.Circuits[0].circuitId | albert_park |" name="Then user checks data at path &quot;MRData.CircuitTable.Circuits[0].circuitId&quot; having value &quot;albert_park&quot; in jason" time="0.001"/>
  <testcase classname="| MRData.CircuitTable.Circuits[0].circuitId | albert_park |" name="When user hit the get request" time="0"/>
  <testcase classname="| MRData.CircuitTable.Circuits[0].circuitId | albert_park |" name="| MRData.CircuitTable.Circuits[0].circuitId | albert_park |" time="0.001"/>
  <testcase classname="| MRData.CircuitTable.Circuits[10].circuitId | red_bull_ring |" name="Given user start the rest asured test" time="0"/>
  <testcase classname="| MRData.CircuitTable.Circuits[10].circuitId | red_bull_ring |" name="When user hit the get request" time="0"/>
  <testcase classname="| MRData.CircuitTable.Circuits[10].circuitId | red_bull_ring |" name="Then user checks data at path &quot;MRData.CircuitTable.Circuits[10].circuitId&quot; having value &quot;red_bull_ring&quot; in jason" time="0"/>
  <testcase classname="| MRData.CircuitTable.Circuits[10].circuitId | red_bull_ring |" name="When user hit the get request" time="0"/>
  <testcase classname="| MRData.CircuitTable.Circuits[10].circuitId | red_bull_ring |" name="| MRData.CircuitTable.Circuits[10].circuitId | red_bull_ring |" time="0.001"/>
  <testcase classname="| MRData.total | 20 |" name="Given user start the rest asured test" time="0"/>
  <testcase classname="| MRData.total | 20 |" name="When user hit the get request" time="0"/>
  <testcase classname="| MRData.total | 20 |" name="Then user checks data at path &quot;MRData.total&quot; having value &quot;20&quot; in jason" time="0"/>
  <testcase classname="| MRData.total | 20 |" name="When user hit the get request" time="0"/>
  <testcase classname="| MRData.total | 20 |" name="| MRData.total | 20 |" time="0.001"/>
</testsuite>